<?xml version="1.0" encoding="UTF-8"?>
<!-- Generated by org.testng.reporters.JUnitReportReporter -->
<testsuite hostname="DESKTOP-L67F89V" failures="0" tests="1" name="selenium.AmazonAutomation" time="51.430" errors="0" timestamp="2022-01-16T12:22:04 IST" skipped="0">
  <testcase classname="selenium.AmazonAutomation" name="amazon" time="51.430"/>
  <system-out/>
</testsuite> <!-- selenium.AmazonAutomation -->
